{
  "RSpec": {
    "coverage": {
      "/Users/michaelhicks/turing/1module/projects/enigma/spec/enigma_spec.rb": {
        "lines": [
          1,
          1,
          null,
          1,
          null,
          1,
          null,
          null,
          1,
          0,
          null,
          null,
          1,
          0,
          null,
          null
        ]
      },
      "/Users/michaelhicks/turing/1module/projects/enigma/lib/enigma.rb": {
        "lines": [
          1,
          null,
          null,
          null,
          null,
          null,
          null,
          null,
          null,
          null,
          null,
          null,
          null,
          null,
          null,
          null
        ]
      },
      "/Users/michaelhicks/turing/1module/projects/enigma/lib/cipher.rb": {
        "lines": [
          1,
          1,
          null,
          1,
          1,
          1,
          null,
          null,
          null,
          null,
          1,
          4,
          4,
          4,
          4,
          null,
          null,
          1,
          null,
          null,
          null,
          null
        ]
      },
      "/Users/michaelhicks/turing/1module/projects/enigma/lib/modules/calculable.rb": {
        "lines": [
          1,
          null,
          1,
          1,
          6,
          6,
          30,
          null,
          6,
          null,
          null,
          1,
          6,
          null,
          null
        ]
      },
      "/Users/michaelhicks/turing/1module/projects/enigma/lib/shift_generator.rb": {
        "lines": [
          1,
          1,
          null,
          1,
          1,
          null,
          1,
          4,
          4,
          null,
          null,
          1,
          0,
          0,
          null,
          0,
          0,
          null,
          null,
          null,
          null
        ]
      },
      "/Users/michaelhicks/turing/1module/projects/enigma/lib/key_generator.rb": {
        "lines": [
          1,
          null,
          1,
          null,
          0,
          null,
          null,
          null,
          0,
          null,
          null,
          null,
          null,
          null,
          null,
          null,
          null,
          null,
          null,
          null,
          null,
          1,
          0,
          0,
          null,
          null,
          1,
          0,
          0,
          null,
          0,
          null,
          null,
          null,
          null
        ]
      },
      "/Users/michaelhicks/turing/1module/projects/enigma/lib/offset_generator.rb": {
        "lines": [
          1,
          null,
          1,
          0,
          null,
          null,
          1,
          0,
          null,
          null,
          1,
          0,
          null,
          null,
          null,
          0,
          null,
          null,
          null
        ]
      }
    },
    "timestamp": 1642448790
  }
}
