{
  "RSpec": {
    "coverage": {
      "/Users/michaelhicks/turing/1module/projects/enigma/spec/enigma_spec.rb": {
        "lines": [
          1,
          1,
          null,
          1,
          null,
          2,
          null,
          null,
          1,
          1,
          null,
          null,
          1,
          0,
          null,
          null
        ]
      },
      "/Users/michaelhicks/turing/1module/projects/enigma/lib/enigma.rb": {
        "lines": [
          1,
          null,
          null,
          null,
          null,
          null,
          null,
          null,
          null,
          null,
          null,
          null,
          null,
          null,
          null,
          null
        ]
      },
      "/Users/michaelhicks/turing/1module/projects/enigma/spec/calculator_spec.rb": {
        "lines": [
          1,
          1,
          null,
          1,
          3,
          null,
          1,
          1,
          null,
          null,
          1,
          null,
          1,
          null,
          null,
          null,
          1,
          1,
          1,
          1,
          1,
          1,
          null,
          null,
          null
        ]
      }
    },
    "timestamp": 1642368930
  }
}
